Art Pohm ECE 4.00 pohm@ap.a.org 111.222.9999
Diane Rover ECE 3.87 rover@dr.xyz.edu 111.111.5555
Tom Nelson ECE 3.81 nelson@tn.abc.org 111.111.6666
Aziz Inan EECS 3.75 ainan@ai.abc.edu 111.111.1111
Ahmad Rashid MBA 3.74 ahmad@mba.org 111.222.4444
James Davis ECE 3.71 davis@jd.work.org 111.222.1111
Sam Chu ECE 3.68 chu@sam.ab.com 111.222.5555
Nabeel Ali EE 3.56 ali@ee.eng.edu 111.111.8888
John Doe ECE 3.54 doe@jd.home.org 111.222.3333
Sunil Raj ECE 3.36 raj@sr.cs.edu 111.111.3333
Charles Right EECS 3.31 right@cr.abc.edu 111.111.4444
Arun Roy SS 3.06 roy@ss.arts.edu 111.222.8888
Jake Zulu CS 3.00 zulu@jz.sa.org 111.111.9999
James Adam CS 2.77 jadam@a.b.org 111.222.7777
Pat King SS 2.77 king@pk.xyz.org 111.111.7777
John Clark ECE 2.68 clark@xyz.ab.com 111.111.5555
John Lee EE 2.64 jlee@j.lee.com 111.111.2222
Al Davis CS 2.63 davis@a.lakers.org 111.222.2222
Rick ars CS 2.34 marsh@a.b.org 111.222.6666
ick Marh CS 2.34 marsh@a.b.org 111.222.6666
Rick Marsh CS 2.34 marsh@a.b.org 111.222.6666
dick Mrsh CS 2.34 marsh@a.b.org 111.222.6666
